
> moshe-uziel-website@0.1.0 dev
> next dev -p 3005 -H 0.0.0.0

▲ Next.js 16.2.6 (Turbopack)
- Local:         http://localhost:3005
- Network:       http://0.0.0.0:3005
✓ Ready in 869ms
⚠ Invalid next.config.ts options detected: 
⚠     Unrecognized key(s) in object: 'suppressHydrationWarning' at "experimental"
⚠ See more info here: https://nextjs.org/docs/messages/invalid-next-config
⚠ Warning: Next.js inferred your workspace root, but it may not be correct.
 We detected multiple lockfiles and selected the directory of /home/mosheu_aaa/package-lock.json as the root directory.
 To silence this warning, set `turbopack.root` in your Next.js config, or consider removing one of the lockfiles if it's not needed.
   See https://nextjs.org/docs/app/api-reference/config/next-config-js/turbopack#root-directory for more information.
 Detected additional lockfiles: 
   * /home/mosheu_aaa/multica_workspaces/cfccb394-e341-47c0-afef-050b9d438260/e2d76c23/workdir/moshe-uziel-website/package-lock.json

- Experiments (use with caution):
  ? suppressHydrationWarning (invalid experimental key)

 GET / 200 in 1004ms (next.js: 332ms, application-code: 672ms)
⚠ Found a change in next.config.ts. Restarting the server to apply the changes...
▲ Next.js 16.2.6 (Turbopack)
- Local:         http://localhost:3005
- Network:       http://0.0.0.0:3005
✓ Ready in 716ms
⚠ Invalid next.config.ts options detected: 
⚠     Unrecognized key(s) in object: 'turbo'
⚠ See more info here: https://nextjs.org/docs/messages/invalid-next-config
⚠ Warning: Next.js inferred your workspace root, but it may not be correct.
 We detected multiple lockfiles and selected the directory of /home/mosheu_aaa/package-lock.json as the root directory.
 To silence this warning, set `turbopack.root` in your Next.js config, or consider removing one of the lockfiles if it's not needed.
   See https://nextjs.org/docs/app/api-reference/config/next-config-js/turbopack#root-directory for more information.
 Detected additional lockfiles: 
   * /home/mosheu_aaa/multica_workspaces/cfccb394-e341-47c0-afef-050b9d438260/e2d76c23/workdir/moshe-uziel-website/package-lock.json


